[0.019s] Invoking command in '/home/akari/workspace/ros2_ws/src/rs_monitor2023/build/rs_monitor2023': CMAKE_PREFIX_PATH=/opt/ros/foxy /usr/bin/cmake /home/akari/workspace/ros2_ws/src/rs_monitor2023 -DCMAKE_INSTALL_PREFIX=/home/akari/workspace/ros2_ws/src/rs_monitor2023/install/rs_monitor2023
[0.125s] -- The C compiler identification is GNU 9.4.0
[0.201s] -- The CXX compiler identification is GNU 9.4.0
[0.207s] -- Check for working C compiler: /usr/bin/cc
[0.311s] -- Check for working C compiler: /usr/bin/cc -- works
[0.314s] -- Detecting C compiler ABI info
[0.489s] -- Detecting C compiler ABI info - done
[0.517s] -- Detecting C compile features
[0.517s] -- Detecting C compile features - done
[0.521s] -- Check for working CXX compiler: /usr/bin/c++
[0.696s] -- Check for working CXX compiler: /usr/bin/c++ -- works
[0.698s] -- Detecting CXX compiler ABI info
[0.824s] -- Detecting CXX compiler ABI info - done
[0.846s] -- Detecting CXX compile features
[0.847s] -- Detecting CXX compile features - done
[0.849s] -- Found ament_cmake: 0.9.11 (/opt/ros/foxy/share/ament_cmake/cmake)
[0.885s] -- Found PythonInterp: /usr/bin/python3 (found suitable version "3.8.10", minimum required is "3") 
[0.886s] -- Using PYTHON_EXECUTABLE: /usr/bin/python3
[1.194s] -- Found rclcpp: 2.4.2 (/opt/ros/foxy/share/rclcpp/cmake)
[1.262s] -- Using all available rosidl_typesupport_c: rosidl_typesupport_fastrtps_c;rosidl_typesupport_introspection_c
[1.271s] -- Found rosidl_adapter: 1.3.0 (/opt/ros/foxy/share/rosidl_adapter/cmake)
[1.380s] -- Found OpenSSL: /usr/lib/x86_64-linux-gnu/libcrypto.so (found version "1.1.1f")  
[1.405s] -- Found FastRTPS: /opt/ros/foxy/include  
[1.498s] -- Using all available rosidl_typesupport_cpp: rosidl_typesupport_fastrtps_cpp;rosidl_typesupport_introspection_cpp
[1.598s] -- Found rmw_implementation_cmake: 1.0.4 (/opt/ros/foxy/share/rmw_implementation_cmake/cmake)
[1.601s] -- Using RMW implementation 'rmw_fastrtps_cpp' as default
[1.603s] -- Looking for pthread.h
[1.730s] -- Looking for pthread.h - found
[1.730s] -- Performing Test CMAKE_HAVE_LIBC_PTHREAD
[1.862s] -- Performing Test CMAKE_HAVE_LIBC_PTHREAD - Failed
[1.862s] -- Looking for pthread_create in pthreads
[1.934s] -- Looking for pthread_create in pthreads - not found
[1.934s] -- Looking for pthread_create in pthread
[2.054s] -- Looking for pthread_create in pthread - found
[2.054s] -- Found Threads: TRUE  
[2.373s] -- Found rclcpp_components: 2.4.2 (/opt/ros/foxy/share/rclcpp_components/cmake)
[2.506s] -- Found geometry_msgs: 2.0.5 (/opt/ros/foxy/share/geometry_msgs/cmake)
[2.592s] -- Found sensor_msgs: 2.0.5 (/opt/ros/foxy/share/sensor_msgs/cmake)
[2.744s] -- Found nav_msgs: 2.0.5 (/opt/ros/foxy/share/nav_msgs/cmake)
[2.896s] -- Found cv_bridge: 3.0.7 (/opt/ros/foxy/share/cv_bridge/cmake)
[2.946s] -- Found tf2: 0.13.14 (/opt/ros/foxy/share/tf2/cmake)
[2.979s] -- Found OpenCV: /usr (found version "4.2.0") 
[3.007s] CMake Error at CMakeLists.txt:25 (find_package):
[3.007s]   By not providing "Findros_robocore_interfaces.cmake" in CMAKE_MODULE_PATH
[3.007s]   this project has asked CMake to find a package configuration file provided
[3.007s]   by "ros_robocore_interfaces", but CMake did not find one.
[3.008s] 
[3.008s]   Could not find a package configuration file provided by
[3.008s]   "ros_robocore_interfaces" with any of the following names:
[3.008s] 
[3.008s]     ros_robocore_interfacesConfig.cmake
[3.009s]     ros_robocore_interfaces-config.cmake
[3.009s] 
[3.009s]   Add the installation prefix of "ros_robocore_interfaces" to
[3.009s]   CMAKE_PREFIX_PATH or set "ros_robocore_interfaces_DIR" to a directory
[3.009s]   containing one of the above files.  If "ros_robocore_interfaces" provides a
[3.010s]   separate development package or SDK, be sure it has been installed.
[3.010s] 
[3.010s] 
[3.013s] -- Configuring incomplete, errors occurred!
[3.013s] See also "/home/akari/workspace/ros2_ws/src/rs_monitor2023/build/rs_monitor2023/CMakeFiles/CMakeOutput.log".
[3.013s] See also "/home/akari/workspace/ros2_ws/src/rs_monitor2023/build/rs_monitor2023/CMakeFiles/CMakeError.log".
[3.029s] Invoked command in '/home/akari/workspace/ros2_ws/src/rs_monitor2023/build/rs_monitor2023' returned '1': CMAKE_PREFIX_PATH=/opt/ros/foxy /usr/bin/cmake /home/akari/workspace/ros2_ws/src/rs_monitor2023 -DCMAKE_INSTALL_PREFIX=/home/akari/workspace/ros2_ws/src/rs_monitor2023/install/rs_monitor2023
